<?xml version="1.0" encoding="UTF-8"?>
<testng-results skipped="0" failed="0" ignored="0" total="4" passed="4">
  <reporter-output>
  </reporter-output>
  <suite name="Default suite" duration-ms="141242" started-at="2019-07-28T15:40:49Z" finished-at="2019-07-28T15:43:10Z">
    <groups>
    </groups>
    <test name="Default test" duration-ms="141242" started-at="2019-07-28T15:40:49Z" finished-at="2019-07-28T15:43:10Z">
      <class name="com.vaultCheck.test.VaultCheckTest">
        <test-method status="PASS" signature="initWebDriver()[pri:0, instance:com.vaultCheck.test.VaultCheckTest@18eed359]" name="initWebDriver" is-config="true" duration-ms="3583" started-at="2019-07-28T15:40:49Z" finished-at="2019-07-28T15:40:52Z">
          <reporter-output>
          </reporter-output>
        </test-method> <!-- initWebDriver -->
        <test-method status="PASS" signature="checkIndividualVaults(java.lang.String)[pri:0, instance:com.vaultCheck.test.VaultCheckTest@18eed359]" name="checkIndividualVaults" duration-ms="26925" started-at="2019-07-28T15:40:52Z" data-provider="data-provider" finished-at="2019-07-28T15:41:19Z">
          <params>
            <param index="0">
              <value>
                <![CDATA[ATL20DS6MNOVT01:8200]]>
              </value>
            </param>
          </params>
          <reporter-output>
          </reporter-output>
        </test-method> <!-- checkIndividualVaults -->
        <test-method status="PASS" signature="checkIndividualVaults(java.lang.String)[pri:0, instance:com.vaultCheck.test.VaultCheckTest@18eed359]" name="checkIndividualVaults" duration-ms="34187" started-at="2019-07-28T15:41:19Z" data-provider="data-provider" finished-at="2019-07-28T15:41:53Z">
          <params>
            <param index="0">
              <value>
                <![CDATA[ATL20DS6MNOVT02:8200]]>
              </value>
            </param>
          </params>
          <reporter-output>
          </reporter-output>
        </test-method> <!-- checkIndividualVaults -->
        <test-method status="PASS" signature="checkIndividualVaults(java.lang.String)[pri:0, instance:com.vaultCheck.test.VaultCheckTest@18eed359]" name="checkIndividualVaults" duration-ms="41171" started-at="2019-07-28T15:41:53Z" data-provider="data-provider" finished-at="2019-07-28T15:42:35Z">
          <params>
            <param index="0">
              <value>
                <![CDATA[ATL20DS1MNOVT01:8200]]>
              </value>
            </param>
          </params>
          <reporter-output>
          </reporter-output>
        </test-method> <!-- checkIndividualVaults -->
        <test-method status="PASS" signature="checkIndividualVaults(java.lang.String)[pri:0, instance:com.vaultCheck.test.VaultCheckTest@18eed359]" name="checkIndividualVaults" duration-ms="34835" started-at="2019-07-28T15:42:35Z" data-provider="data-provider" finished-at="2019-07-28T15:43:09Z">
          <params>
            <param index="0">
              <value>
                <![CDATA[ATL20DS1MNOVT02:8200]]>
              </value>
            </param>
          </params>
          <reporter-output>
          </reporter-output>
        </test-method> <!-- checkIndividualVaults -->
        <test-method status="PASS" signature="closeWebDriver()[pri:0, instance:com.vaultCheck.test.VaultCheckTest@18eed359]" name="closeWebDriver" is-config="true" duration-ms="521" started-at="2019-07-28T15:43:09Z" finished-at="2019-07-28T15:43:10Z">
          <reporter-output>
          </reporter-output>
        </test-method> <!-- closeWebDriver -->
      </class> <!-- com.vaultCheck.test.VaultCheckTest -->
    </test> <!-- Default test -->
  </suite> <!-- Default suite -->
</testng-results>
