<?xml version="1.0" encoding="UTF-8"?>
<!-- Generated by org.testng.reporters.JUnitXMLReporter -->
<testsuite hostname="PUNINL000116" ignored="0" name="Default test" tests="4" failures="0" timestamp="28 Jul 2019 15:43:10 GMT" time="141.242" errors="0">
  <testcase name="checkIndividualVaults" time="26.925" classname="com.vaultCheck.test.VaultCheckTest"/>
  <testcase name="checkIndividualVaults" time="34.187" classname="com.vaultCheck.test.VaultCheckTest"/>
  <testcase name="checkIndividualVaults" time="41.171" classname="com.vaultCheck.test.VaultCheckTest"/>
  <testcase name="checkIndividualVaults" time="34.835" classname="com.vaultCheck.test.VaultCheckTest"/>
</testsuite> <!-- Default test -->
